[32minfo[39m: ...app listening on port 4000
[32minfo[39m: ...app listening on port 4000
[32minfo[39m: ...app listening on port 4000
[32minfo[39m: ...app listening on port 4000
[32minfo[39m: ...app listening on port 4000
[32minfo[39m: ...app listening on port 4000
[32minfo[39m: ...app listening on port 4000
[32minfo[39m: ...app listening on port 4000
[32minfo[39m: ...app listening on port 4000
[32minfo[39m: ...app listening on port 4000
[32minfo[39m: ...app listening on port 4000
[31merror[39m: ustomer credentials existed., details supplied is {"lastname":"akinwunmi","othernames":"faty","email":"ismail.bilkisu@gmail.com","password":"titoker!@","phone_number":"08029270179"}
[31merror[39m: POST /user 500 - 23.092 ms - message: -
[32minfo[39m: ...app listening on port 4000
[32minfo[39m: ...app listening on port 4000
[32minfo[39m: ...app listening on port 4000
[32minfo[39m: ...app listening on port 4000
[32minfo[39m: GET /seeder 302 - 608.126 ms
[31merror[39m: GET / 404 - 3.210 ms - message: -
[32minfo[39m: ...app listening on port 4000
[32minfo[39m: ...app listening on port 4000
[32minfo[39m: ...app listening on port 4000
[32minfo[39m: ...app listening on port 4000
[32minfo[39m: ...app listening on port 4000
[32minfo[39m: ...app listening on port 4000
[32minfo[39m: ...app listening on port 4000
[32minfo[39m: GET /seeder 200 - 80.907 ms
[32minfo[39m: ...app listening on port 4000
[32minfo[39m: GET /seeder 200 - 222.101 ms
[32minfo[39m: ...app listening on port 4000
[32minfo[39m: ...app listening on port 4000
[32minfo[39m: ...app listening on port 4000
[32minfo[39m: ...app listening on port 4000
[32minfo[39m: ...app listening on port 4000
[32minfo[39m: ...app listening on port 4000
[32minfo[39m: ...app listening on port 4000
[32minfo[39m: ...app listening on port 4000
[32minfo[39m: ...app listening on port 4000
[32minfo[39m: ...app listening on port 4000
[32minfo[39m: ...app listening on port 4000
[32minfo[39m: POST /user 201 - 202.160 ms
[32minfo[39m: ...app listening on port 4000
[32minfo[39m: POST /user 201 - 136.103 ms
[32minfo[39m: ...app listening on port 4000
[32minfo[39m: POST /user 201 - 138.250 ms
[32minfo[39m: ...app listening on port 4000
[32minfo[39m: ...app listening on port 4000
[32minfo[39m: ...app listening on port 4000
[31merror[39m: POST /user 400 - 5.093 ms - message: -
[32minfo[39m: ...app listening on port 4000
[31merror[39m: POST /user 400 - 4.633 ms - message: -
[32minfo[39m: ...app listening on port 4000
[32minfo[39m: ...app listening on port 4000
[31merror[39m: POST /user 400 - 6.435 ms - message: -
[32minfo[39m: ...app listening on port 4000
[32minfo[39m: POST /user 201 - 120.509 ms
[32minfo[39m: POST /user 201 - 98.132 ms
[31merror[39m: Invalid credentials. details supplied is {"email":"fatimaakinwunmi2008@gmail.com","otp":"914121"}
[31merror[39m: GET /verify/fatimaakinwunmi2008@gmail.com/132411 400 - 3.742 ms - message: -
[31merror[39m: Unable to verify email. details supplied is {"email":"ismail.bilkisu@gmail.com","otp":"132411"}
[31merror[39m: GET /verify/ismail.bilkisu@gmail.com/132411 500 - 5.436 ms - message: -
[32minfo[39m: ...app listening on port 4000
[32minfo[39m: ...app listening on port 4000
[32minfo[39m: POST /user 201 - 115.660 ms
[31merror[39m: Unable to verify email. details supplied is {"email":"ismail.bilkisu@gmail.com","otp":"132411"}
[31merror[39m: GET /verify-email/ismail.bilkisu@gmail.com/132411 500 - 5.771 ms - message: -
[32minfo[39m: POST /user 201 - 99.287 ms
[32minfo[39m: GET /verify-email/ismail.bilkisu@gmail.com/162553 200 - 8.929 ms
[31merror[39m: POST /login 500 - 78.736 ms - message: -
[32minfo[39m: ...app listening on port 4000
[32minfo[39m: POST /login 200 - 102.909 ms
[32minfo[39m: ...app listening on port 4000
[32minfo[39m: ...app listening on port 4000
[32minfo[39m: ...app listening on port 4000
[32minfo[39m: ...app listening on port 4000
[32minfo[39m: ...app listening on port 4000
[32minfo[39m: ...app listening on port 4000
[32minfo[39m: POST /login 200 - 237.311 ms
[32minfo[39m: ...app listening on port 4000
[32minfo[39m: POST /login 200 - 227.199 ms
[32minfo[39m: ...app listening on port 4000
[32minfo[39m: ...app listening on port 4000
[32minfo[39m: POST /user 201 - 167.626 ms
[32minfo[39m: ...app listening on port 4000
[32minfo[39m: ...app listening on port 4000
[32minfo[39m: POST /user 201 - 102.436 ms
[32minfo[39m: ...app listening on port 8296
[31merror[39m: GET /api/v1/category/seed-category-desription 404 - 12.193 ms - message: -
[31merror[39m: POST /api/v1/category/seed-category-descriptions 404 - 2.620 ms - message: -
[31merror[39m: POST /category/seed-category-descriptions 404 - 0.861 ms - message: -
[32minfo[39m: ...app listening on port 8296
[31merror[39m: POST /api/v1/category/seed-category-descriptions 500 - 14.462 ms - message: -
[32minfo[39m: ...app listening on port 8296
[32minfo[39m: ...app listening on port 8296
[31merror[39m: POST /api/v1/category/seed-category-descriptions 500 - 46.245 ms - message: -
[32minfo[39m: ...app listening on port 8296
[32minfo[39m: ...app listening on port 8296
[31merror[39m: POST /api/v1/category/seed-category-descriptions 500 - 53.946 ms - message: -
[32minfo[39m: ...app listening on port 8296
[31merror[39m: POST /api/v1/category/seed-category-descriptions 500 - 21.213 ms - message: -
[32minfo[39m: ...app listening on port 8296
[32minfo[39m: ...app listening on port 8296
[31merror[39m: POST /api/v1/category/seed-category-descriptions 500 - 344.158 ms - message: -
[32minfo[39m: ...app listening on port 8296
[32minfo[39m: POST /api/v1/category/seed-category-descriptions 200 - 1292.353 ms
[32minfo[39m: ...app listening on port 8296
[32minfo[39m: ...app listening on port 8296
[31merror[39m: POST /api/v1/category/seed-category-descriptions 500 - 379.529 ms - message: -
[32minfo[39m: ...app listening on port 8296
